<?xml version="1.0" encoding="UTF-8"?>
<!-- Generated by org.testng.reporters.JUnitReportReporter -->
<testsuite hostname="DESKTOP-6EEHOFD" failures="0" tests="1" name="pageObjects.FlipKartTest" time="3.333" errors="0" timestamp="2022-04-20T21:10:13 EDT" skipped="0">
  <testcase classname="pageObjects.FlipKartTest" name="SearchTest" time="3.333"/>
  <system-out/>
</testsuite> <!-- pageObjects.FlipKartTest -->
