<?xml version="1.0" encoding="UTF-8"?>
<!-- Generated by org.testng.reporters.JUnitReportReporter -->
<testsuite hostname="DESKTOP-6EEHOFD" failures="0" tests="1" name="pageObjects.HomePageTest" time="16.216" errors="0" timestamp="2022-04-21T19:33:17 EDT" skipped="0">
  <testcase classname="pageObjects.HomePageTest" name="testSearch" time="16.216"/>
  <system-out/>
</testsuite> <!-- pageObjects.HomePageTest -->
