<?xml version="1.0" encoding="UTF-8"?>
<!-- Generated by org.testng.reporters.JUnitReportReporter -->
<testsuite hostname="DESKTOP-6EEHOFD" failures="0" tests="1" name="pageObjects.AmazonTest" time="11.937" errors="0" timestamp="2022-04-20T22:26:18 EDT" skipped="0">
  <testcase classname="pageObjects.AmazonTest" name="testSearch" time="11.937"/>
  <system-out/>
</testsuite> <!-- pageObjects.AmazonTest -->
